app/build/intermediates/manifest_merge_blame_file/debug/processDebugMainManifest/manifest-merger-blame-debug-report.txt
1<?xml version="1.0" encoding="utf-8"?>
2<manifest xmlns:android="http://schemas.android.com/apk/res/android"
3    package="com.imanage.fileexplorer.debug"
4    android:versionCode="1"
5    android:versionName="1.0.0" >
6
7    <uses-sdk
8        android:minSdkVersion="26"
9        android:targetSdkVersion="34" />
10
11    <!-- STRICT PRIVACY: ZERO INTERNET PERMISSION (GUARANTEED OFFLINE) -->
12
13
14    <!-- Storage Permissions -->
15    <uses-permission
15-->src\main\AndroidManifest.xml:8:5-107
16        android:name="android.permission.READ_EXTERNAL_STORAGE"
16-->src\main\AndroidManifest.xml:8:22-77
17        android:maxSdkVersion="32" />
17-->src\main\AndroidManifest.xml:8:78-104
18    <uses-permission
18-->src\main\AndroidManifest.xml:9:5-137
19        android:name="android.permission.WRITE_EXTERNAL_STORAGE"
19-->src\main\AndroidManifest.xml:9:22-78
20        android:maxSdkVersion="29" />
20-->src\main\AndroidManifest.xml:9:79-105
21    <uses-permission android:name="android.permission.MANAGE_EXTERNAL_STORAGE" />
21-->src\main\AndroidManifest.xml:10:5-111
21-->src\main\AndroidManifest.xml:10:22-79
22    <uses-permission android:name="android.permission.READ_MEDIA_IMAGES" />
22-->src\main\AndroidManifest.xml:11:5-76
22-->src\main\AndroidManifest.xml:11:22-73
23    <uses-permission android:name="android.permission.READ_MEDIA_VIDEO" />
23-->src\main\AndroidManifest.xml:12:5-75
23-->src\main\AndroidManifest.xml:12:22-72
24    <uses-permission android:name="android.permission.READ_MEDIA_AUDIO" />
24-->src\main\AndroidManifest.xml:13:5-75
24-->src\main\AndroidManifest.xml:13:22-72
25
26    <!-- Biometrics & Security -->
27    <uses-permission android:name="android.permission.USE_BIOMETRIC" />
27-->src\main\AndroidManifest.xml:16:5-72
27-->src\main\AndroidManifest.xml:16:22-69
28
29    <!-- Background File Transfer Notifications -->
30    <uses-permission android:name="android.permission.POST_NOTIFICATIONS" />
30-->src\main\AndroidManifest.xml:19:5-77
30-->src\main\AndroidManifest.xml:19:22-74
31    <uses-permission android:name="android.permission.FOREGROUND_SERVICE" />
31-->src\main\AndroidManifest.xml:20:5-77
31-->src\main\AndroidManifest.xml:20:22-74
32    <uses-permission android:name="android.permission.FOREGROUND_SERVICE_DATA_SYNC" />
32-->src\main\AndroidManifest.xml:21:5-87
32-->src\main\AndroidManifest.xml:21:22-84
33
34    <!-- APK Installation (Optional for opening APK files) -->
35    <uses-permission android:name="android.permission.REQUEST_INSTALL_PACKAGES" />
35-->src\main\AndroidManifest.xml:24:5-83
35-->src\main\AndroidManifest.xml:24:22-80
36
37    <!-- suppress DeprecatedClassUsageInspection -->
38    <uses-permission android:name="android.permission.USE_FINGERPRINT" />
38-->[androidx.biometric:biometric:1.2.0-alpha05] AndroidManifest.xml:25:5-74
38-->[androidx.biometric:biometric:1.2.0-alpha05] AndroidManifest.xml:25:22-71
39    <uses-permission android:name="android.permission.WAKE_LOCK" />
39-->[androidx.work:work-runtime:2.10.0] AndroidManifest.xml:23:5-68
39-->[androidx.work:work-runtime:2.10.0] AndroidManifest.xml:23:22-65
40    <uses-permission android:name="android.permission.ACCESS_NETWORK_STATE" />
40-->[androidx.work:work-runtime:2.10.0] AndroidManifest.xml:24:5-79
40-->[androidx.work:work-runtime:2.10.0] AndroidManifest.xml:24:22-76
41    <uses-permission android:name="android.permission.RECEIVE_BOOT_COMPLETED" />
41-->[androidx.work:work-runtime:2.10.0] AndroidManifest.xml:25:5-81
41-->[androidx.work:work-runtime:2.10.0] AndroidManifest.xml:25:22-78
42
43    <permission
43-->[androidx.core:core:1.15.0] AndroidManifest.xml:22:5-24:47
44        android:name="com.imanage.fileexplorer.debug.DYNAMIC_RECEIVER_NOT_EXPORTED_PERMISSION"
44-->[androidx.core:core:1.15.0] AndroidManifest.xml:23:9-81
45        android:protectionLevel="signature" />
45-->[androidx.core:core:1.15.0] AndroidManifest.xml:24:9-44
46
47    <uses-permission android:name="com.imanage.fileexplorer.debug.DYNAMIC_RECEIVER_NOT_EXPORTED_PERMISSION" />
47-->[androidx.core:core:1.15.0] AndroidManifest.xml:26:5-97
47-->[androidx.core:core:1.15.0] AndroidManifest.xml:26:22-94
48
49    <application
49-->src\main\AndroidManifest.xml:26:5-74:19
50        android:name="com.imanage.fileexplorer.IManageApp"
50-->src\main\AndroidManifest.xml:27:9-35
51        android:allowBackup="false"
51-->src\main\AndroidManifest.xml:28:9-36
52        android:appComponentFactory="androidx.core.app.CoreComponentFactory"
52-->[androidx.core:core:1.15.0] AndroidManifest.xml:28:18-86
53        android:dataExtractionRules="@xml/data_extraction_rules"
53-->src\main\AndroidManifest.xml:29:9-65
54        android:debuggable="true"
55        android:extractNativeLibs="false"
56        android:fullBackupContent="false"
56-->src\main\AndroidManifest.xml:30:9-42
57        android:icon="@mipmap/ic_launcher"
57-->src\main\AndroidManifest.xml:31:9-43
58        android:label="@string/app_name"
58-->src\main\AndroidManifest.xml:32:9-41
59        android:requestLegacyExternalStorage="true"
59-->src\main\AndroidManifest.xml:36:9-52
60        android:roundIcon="@mipmap/ic_launcher_round"
60-->src\main\AndroidManifest.xml:33:9-54
61        android:supportsRtl="true"
61-->src\main\AndroidManifest.xml:34:9-35
62        android:theme="@style/Theme.IManage" >
62-->src\main\AndroidManifest.xml:35:9-45
63        <activity
63-->src\main\AndroidManifest.xml:39:9-55:20
64            android:name="com.imanage.fileexplorer.MainActivity"
64-->src\main\AndroidManifest.xml:40:13-41
65            android:exported="true"
65-->src\main\AndroidManifest.xml:41:13-36
66            android:theme="@style/Theme.IManage"
66-->src\main\AndroidManifest.xml:42:13-49
67            android:windowSoftInputMode="adjustResize" >
67-->src\main\AndroidManifest.xml:43:13-55
68            <intent-filter>
68-->src\main\AndroidManifest.xml:44:13-47:29
69                <action android:name="android.intent.action.MAIN" />
69-->src\main\AndroidManifest.xml:45:17-69
69-->src\main\AndroidManifest.xml:45:25-66
70
71                <category android:name="android.intent.category.LAUNCHER" />
71-->src\main\AndroidManifest.xml:46:17-77
71-->src\main\AndroidManifest.xml:46:27-74
72            </intent-filter>
73
74            <!-- Support opening files from external apps -->
75            <intent-filter>
75-->src\main\AndroidManifest.xml:50:13-54:29
76                <action android:name="android.intent.action.VIEW" />
76-->src\main\AndroidManifest.xml:51:17-69
76-->src\main\AndroidManifest.xml:51:25-66
77
78                <category android:name="android.intent.category.DEFAULT" />
78-->src\main\AndroidManifest.xml:52:17-76
78-->src\main\AndroidManifest.xml:52:27-73
79
80                <data android:mimeType="*/*" />
80-->src\main\AndroidManifest.xml:53:17-48
80-->src\main\AndroidManifest.xml:53:23-45
81            </intent-filter>
82        </activity>
83
84        <!-- Secure FileProvider for sharing files safely without exposing raw file paths -->
85        <provider
86            android:name="androidx.core.content.FileProvider"
86-->src\main\AndroidManifest.xml:59:13-62
87            android:authorities="com.imanage.fileexplorer.debug.fileprovider"
87-->src\main\AndroidManifest.xml:60:13-64
88            android:exported="false"
88-->src\main\AndroidManifest.xml:61:13-37
89            android:grantUriPermissions="true" >
89-->src\main\AndroidManifest.xml:62:13-47
90            <meta-data
90-->src\main\AndroidManifest.xml:63:13-65:54
91                android:name="android.support.FILE_PROVIDER_PATHS"
91-->src\main\AndroidManifest.xml:64:17-67
92                android:resource="@xml/file_paths" />
92-->src\main\AndroidManifest.xml:65:17-51
93        </provider>
94
95        <!-- WorkManager Foreground Service -->
96        <service
96-->src\main\AndroidManifest.xml:69:9-72:34
97            android:name="androidx.work.impl.foreground.SystemForegroundService"
97-->src\main\AndroidManifest.xml:70:13-81
98            android:directBootAware="false"
98-->[androidx.work:work-runtime:2.10.0] AndroidManifest.xml:55:13-44
99            android:enabled="@bool/enable_system_foreground_service_default"
99-->[androidx.work:work-runtime:2.10.0] AndroidManifest.xml:56:13-77
100            android:exported="false"
100-->[androidx.work:work-runtime:2.10.0] AndroidManifest.xml:57:13-37
101            android:foregroundServiceType="dataSync" />
101-->src\main\AndroidManifest.xml:71:13-53
102
103        <provider
103-->[androidx.work:work-runtime:2.10.0] AndroidManifest.xml:29:9-37:20
104            android:name="androidx.startup.InitializationProvider"
104-->[androidx.work:work-runtime:2.10.0] AndroidManifest.xml:30:13-67
105            android:authorities="com.imanage.fileexplorer.debug.androidx-startup"
105-->[androidx.work:work-runtime:2.10.0] AndroidManifest.xml:31:13-68
106            android:exported="false" >
106-->[androidx.work:work-runtime:2.10.0] AndroidManifest.xml:32:13-37
107            <meta-data
107-->[androidx.work:work-runtime:2.10.0] AndroidManifest.xml:34:13-36:52
108                android:name="androidx.work.WorkManagerInitializer"
108-->[androidx.work:work-runtime:2.10.0] AndroidManifest.xml:35:17-68
109                android:value="androidx.startup" />
109-->[androidx.work:work-runtime:2.10.0] AndroidManifest.xml:36:17-49
110            <meta-data
110-->[androidx.emoji2:emoji2:1.3.0] AndroidManifest.xml:29:13-31:52
111                android:name="androidx.emoji2.text.EmojiCompatInitializer"
111-->[androidx.emoji2:emoji2:1.3.0] AndroidManifest.xml:30:17-75
112                android:value="androidx.startup" />
112-->[androidx.emoji2:emoji2:1.3.0] AndroidManifest.xml:31:17-49
113            <meta-data
113-->[androidx.lifecycle:lifecycle-process:2.8.7] AndroidManifest.xml:29:13-31:52
114                android:name="androidx.lifecycle.ProcessLifecycleInitializer"
114-->[androidx.lifecycle:lifecycle-process:2.8.7] AndroidManifest.xml:30:17-78
115                android:value="androidx.startup" />
115-->[androidx.lifecycle:lifecycle-process:2.8.7] AndroidManifest.xml:31:17-49
116            <meta-data
116-->[androidx.profileinstaller:profileinstaller:1.3.1] AndroidManifest.xml:29:13-31:52
117                android:name="androidx.profileinstaller.ProfileInstallerInitializer"
117-->[androidx.profileinstaller:profileinstaller:1.3.1] AndroidManifest.xml:30:17-85
118                android:value="androidx.startup" />
118-->[androidx.profileinstaller:profileinstaller:1.3.1] AndroidManifest.xml:31:17-49
119        </provider>
120
121        <service
121-->[androidx.work:work-runtime:2.10.0] AndroidManifest.xml:39:9-45:35
122            android:name="androidx.work.impl.background.systemalarm.SystemAlarmService"
122-->[androidx.work:work-runtime:2.10.0] AndroidManifest.xml:40:13-88
123            android:directBootAware="false"
123-->[androidx.work:work-runtime:2.10.0] AndroidManifest.xml:41:13-44
124            android:enabled="@bool/enable_system_alarm_service_default"
124-->[androidx.work:work-runtime:2.10.0] AndroidManifest.xml:42:13-72
125            android:exported="false" />
125-->[androidx.work:work-runtime:2.10.0] AndroidManifest.xml:43:13-37
126        <service
126-->[androidx.work:work-runtime:2.10.0] AndroidManifest.xml:46:9-52:35
127            android:name="androidx.work.impl.background.systemjob.SystemJobService"
127-->[androidx.work:work-runtime:2.10.0] AndroidManifest.xml:47:13-84
128            android:directBootAware="false"
128-->[androidx.work:work-runtime:2.10.0] AndroidManifest.xml:48:13-44
129            android:enabled="@bool/enable_system_job_service_default"
129-->[androidx.work:work-runtime:2.10.0] AndroidManifest.xml:49:13-70
130            android:exported="true"
130-->[androidx.work:work-runtime:2.10.0] AndroidManifest.xml:50:13-36
131            android:permission="android.permission.BIND_JOB_SERVICE" />
131-->[androidx.work:work-runtime:2.10.0] AndroidManifest.xml:51:13-69
132
133        <receiver
133-->[androidx.work:work-runtime:2.10.0] AndroidManifest.xml:61:9-66:35
134            android:name="androidx.work.impl.utils.ForceStopRunnable$BroadcastReceiver"
134-->[androidx.work:work-runtime:2.10.0] AndroidManifest.xml:62:13-88
135            android:directBootAware="false"
135-->[androidx.work:work-runtime:2.10.0] AndroidManifest.xml:63:13-44
136            android:enabled="true"
136-->[androidx.work:work-runtime:2.10.0] AndroidManifest.xml:64:13-35
137            android:exported="false" />
137-->[androidx.work:work-runtime:2.10.0] AndroidManifest.xml:65:13-37
138        <receiver
138-->[androidx.work:work-runtime:2.10.0] AndroidManifest.xml:67:9-77:20
139            android:name="androidx.work.impl.background.systemalarm.ConstraintProxy$BatteryChargingProxy"
139-->[androidx.work:work-runtime:2.10.0] AndroidManifest.xml:68:13-106
140            android:directBootAware="false"
140-->[androidx.work:work-runtime:2.10.0] AndroidManifest.xml:69:13-44
141            android:enabled="false"
141-->[androidx.work:work-runtime:2.10.0] AndroidManifest.xml:70:13-36
142            android:exported="false" >
142-->[androidx.work:work-runtime:2.10.0] AndroidManifest.xml:71:13-37
143            <intent-filter>
143-->[androidx.work:work-runtime:2.10.0] AndroidManifest.xml:73:13-76:29
144                <action android:name="android.intent.action.ACTION_POWER_CONNECTED" />
144-->[androidx.work:work-runtime:2.10.0] AndroidManifest.xml:74:17-87
144-->[androidx.work:work-runtime:2.10.0] AndroidManifest.xml:74:25-84
145                <action android:name="android.intent.action.ACTION_POWER_DISCONNECTED" />
145-->[androidx.work:work-runtime:2.10.0] AndroidManifest.xml:75:17-90
145-->[androidx.work:work-runtime:2.10.0] AndroidManifest.xml:75:25-87
146            </intent-filter>
147        </receiver>
148        <receiver
148-->[androidx.work:work-runtime:2.10.0] AndroidManifest.xml:78:9-88:20
149            android:name="androidx.work.impl.background.systemalarm.ConstraintProxy$BatteryNotLowProxy"
149-->[androidx.work:work-runtime:2.10.0] AndroidManifest.xml:79:13-104
150            android:directBootAware="false"
150-->[androidx.work:work-runtime:2.10.0] AndroidManifest.xml:80:13-44
151            android:enabled="false"
151-->[androidx.work:work-runtime:2.10.0] AndroidManifest.xml:81:13-36
152            android:exported="false" >
152-->[androidx.work:work-runtime:2.10.0] AndroidManifest.xml:82:13-37
153            <intent-filter>
153-->[androidx.work:work-runtime:2.10.0] AndroidManifest.xml:84:13-87:29
154                <action android:name="android.intent.action.BATTERY_OKAY" />
154-->[androidx.work:work-runtime:2.10.0] AndroidManifest.xml:85:17-77
154-->[androidx.work:work-runtime:2.10.0] AndroidManifest.xml:85:25-74
155                <action android:name="android.intent.action.BATTERY_LOW" />
155-->[androidx.work:work-runtime:2.10.0] AndroidManifest.xml:86:17-76
155-->[androidx.work:work-runtime:2.10.0] AndroidManifest.xml:86:25-73
156            </intent-filter>
157        </receiver>
158        <receiver
158-->[androidx.work:work-runtime:2.10.0] AndroidManifest.xml:89:9-99:20
159            android:name="androidx.work.impl.background.systemalarm.ConstraintProxy$StorageNotLowProxy"
159-->[androidx.work:work-runtime:2.10.0] AndroidManifest.xml:90:13-104
160            android:directBootAware="false"
160-->[androidx.work:work-runtime:2.10.0] AndroidManifest.xml:91:13-44
161            android:enabled="false"
161-->[androidx.work:work-runtime:2.10.0] AndroidManifest.xml:92:13-36
162            android:exported="false" >
162-->[androidx.work:work-runtime:2.10.0] AndroidManifest.xml:93:13-37
163            <intent-filter>
163-->[androidx.work:work-runtime:2.10.0] AndroidManifest.xml:95:13-98:29
164                <action android:name="android.intent.action.DEVICE_STORAGE_LOW" />
164-->[androidx.work:work-runtime:2.10.0] AndroidManifest.xml:96:17-83
164-->[androidx.work:work-runtime:2.10.0] AndroidManifest.xml:96:25-80
165                <action android:name="android.intent.action.DEVICE_STORAGE_OK" />
165-->[androidx.work:work-runtime:2.10.0] AndroidManifest.xml:97:17-82
165-->[androidx.work:work-runtime:2.10.0] AndroidManifest.xml:97:25-79
166            </intent-filter>
167        </receiver>
168        <receiver
168-->[androidx.work:work-runtime:2.10.0] AndroidManifest.xml:100:9-109:20
169            android:name="androidx.work.impl.background.systemalarm.ConstraintProxy$NetworkStateProxy"
169-->[androidx.work:work-runtime:2.10.0] AndroidManifest.xml:101:13-103
170            android:directBootAware="false"
170-->[androidx.work:work-runtime:2.10.0] AndroidManifest.xml:102:13-44
171            android:enabled="false"
171-->[androidx.work:work-runtime:2.10.0] AndroidManifest.xml:103:13-36
172            android:exported="false" >
172-->[androidx.work:work-runtime:2.10.0] AndroidManifest.xml:104:13-37
173            <intent-filter>
173-->[androidx.work:work-runtime:2.10.0] AndroidManifest.xml:106:13-108:29
174                <action android:name="android.net.conn.CONNECTIVITY_CHANGE" />
174-->[androidx.work:work-runtime:2.10.0] AndroidManifest.xml:107:17-79
174-->[androidx.work:work-runtime:2.10.0] AndroidManifest.xml:107:25-76
175            </intent-filter>
176        </receiver>
177        <receiver
177-->[androidx.work:work-runtime:2.10.0] AndroidManifest.xml:110:9-121:20
178            android:name="androidx.work.impl.background.systemalarm.RescheduleReceiver"
178-->[androidx.work:work-runtime:2.10.0] AndroidManifest.xml:111:13-88
179            android:directBootAware="false"
179-->[androidx.work:work-runtime:2.10.0] AndroidManifest.xml:112:13-44
180            android:enabled="false"
180-->[androidx.work:work-runtime:2.10.0] AndroidManifest.xml:113:13-36
181            android:exported="false" >
181-->[androidx.work:work-runtime:2.10.0] AndroidManifest.xml:114:13-37
182            <intent-filter>
182-->[androidx.work:work-runtime:2.10.0] AndroidManifest.xml:116:13-120:29
183                <action android:name="android.intent.action.BOOT_COMPLETED" />
183-->[androidx.work:work-runtime:2.10.0] AndroidManifest.xml:117:17-79
183-->[androidx.work:work-runtime:2.10.0] AndroidManifest.xml:117:25-76
184                <action android:name="android.intent.action.TIME_SET" />
184-->[androidx.work:work-runtime:2.10.0] AndroidManifest.xml:118:17-73
184-->[androidx.work:work-runtime:2.10.0] AndroidManifest.xml:118:25-70
185                <action android:name="android.intent.action.TIMEZONE_CHANGED" />
185-->[androidx.work:work-runtime:2.10.0] AndroidManifest.xml:119:17-81
185-->[androidx.work:work-runtime:2.10.0] AndroidManifest.xml:119:25-78
186            </intent-filter>
187        </receiver>
188        <receiver
188-->[androidx.work:work-runtime:2.10.0] AndroidManifest.xml:122:9-131:20
189            android:name="androidx.work.impl.background.systemalarm.ConstraintProxyUpdateReceiver"
189-->[androidx.work:work-runtime:2.10.0] AndroidManifest.xml:123:13-99
190            android:directBootAware="false"
190-->[androidx.work:work-runtime:2.10.0] AndroidManifest.xml:124:13-44
191            android:enabled="@bool/enable_system_alarm_service_default"
191-->[androidx.work:work-runtime:2.10.0] AndroidManifest.xml:125:13-72
192            android:exported="false" >
192-->[androidx.work:work-runtime:2.10.0] AndroidManifest.xml:126:13-37
193            <intent-filter>
193-->[androidx.work:work-runtime:2.10.0] AndroidManifest.xml:128:13-130:29
194                <action android:name="androidx.work.impl.background.systemalarm.UpdateProxies" />
194-->[androidx.work:work-runtime:2.10.0] AndroidManifest.xml:129:17-98
194-->[androidx.work:work-runtime:2.10.0] AndroidManifest.xml:129:25-95
195            </intent-filter>
196        </receiver>
197        <receiver
197-->[androidx.work:work-runtime:2.10.0] AndroidManifest.xml:132:9-142:20
198            android:name="androidx.work.impl.diagnostics.DiagnosticsReceiver"
198-->[androidx.work:work-runtime:2.10.0] AndroidManifest.xml:133:13-78
199            android:directBootAware="false"
199-->[androidx.work:work-runtime:2.10.0] AndroidManifest.xml:134:13-44
200            android:enabled="true"
200-->[androidx.work:work-runtime:2.10.0] AndroidManifest.xml:135:13-35
201            android:exported="true"
201-->[androidx.work:work-runtime:2.10.0] AndroidManifest.xml:136:13-36
202            android:permission="android.permission.DUMP" >
202-->[androidx.work:work-runtime:2.10.0] AndroidManifest.xml:137:13-57
203            <intent-filter>
203-->[androidx.work:work-runtime:2.10.0] AndroidManifest.xml:139:13-141:29
204                <action android:name="androidx.work.diagnostics.REQUEST_DIAGNOSTICS" />
204-->[androidx.work:work-runtime:2.10.0] AndroidManifest.xml:140:17-88
204-->[androidx.work:work-runtime:2.10.0] AndroidManifest.xml:140:25-85
205            </intent-filter>
206        </receiver>
207
208        <activity
208-->[androidx.compose.ui:ui-tooling-android:1.7.6] AndroidManifest.xml:23:9-25:39
209            android:name="androidx.compose.ui.tooling.PreviewActivity"
209-->[androidx.compose.ui:ui-tooling-android:1.7.6] AndroidManifest.xml:24:13-71
210            android:exported="true" />
210-->[androidx.compose.ui:ui-tooling-android:1.7.6] AndroidManifest.xml:25:13-36
211
212        <service
212-->[androidx.room:room-runtime:2.6.1] AndroidManifest.xml:24:9-28:63
213            android:name="androidx.room.MultiInstanceInvalidationService"
213-->[androidx.room:room-runtime:2.6.1] AndroidManifest.xml:25:13-74
214            android:directBootAware="true"
214-->[androidx.room:room-runtime:2.6.1] AndroidManifest.xml:26:13-43
215            android:exported="false" />
215-->[androidx.room:room-runtime:2.6.1] AndroidManifest.xml:27:13-37
216
217        <receiver
217-->[androidx.profileinstaller:profileinstaller:1.3.1] AndroidManifest.xml:34:9-52:20
218            android:name="androidx.profileinstaller.ProfileInstallReceiver"
218-->[androidx.profileinstaller:profileinstaller:1.3.1] AndroidManifest.xml:35:13-76
219            android:directBootAware="false"
219-->[androidx.profileinstaller:profileinstaller:1.3.1] AndroidManifest.xml:36:13-44
220            android:enabled="true"
220-->[androidx.profileinstaller:profileinstaller:1.3.1] AndroidManifest.xml:37:13-35
221            android:exported="true"
221-->[androidx.profileinstaller:profileinstaller:1.3.1] AndroidManifest.xml:38:13-36
222            android:permission="android.permission.DUMP" >
222-->[androidx.profileinstaller:profileinstaller:1.3.1] AndroidManifest.xml:39:13-57
223            <intent-filter>
223-->[androidx.profileinstaller:profileinstaller:1.3.1] AndroidManifest.xml:40:13-42:29
224                <action android:name="androidx.profileinstaller.action.INSTALL_PROFILE" />
224-->[androidx.profileinstaller:profileinstaller:1.3.1] AndroidManifest.xml:41:17-91
224-->[androidx.profileinstaller:profileinstaller:1.3.1] AndroidManifest.xml:41:25-88
225            </intent-filter>
226            <intent-filter>
226-->[androidx.profileinstaller:profileinstaller:1.3.1] AndroidManifest.xml:43:13-45:29
227                <action android:name="androidx.profileinstaller.action.SKIP_FILE" />
227-->[androidx.profileinstaller:profileinstaller:1.3.1] AndroidManifest.xml:44:17-85
227-->[androidx.profileinstaller:profileinstaller:1.3.1] AndroidManifest.xml:44:25-82
228            </intent-filter>
229            <intent-filter>
229-->[androidx.profileinstaller:profileinstaller:1.3.1] AndroidManifest.xml:46:13-48:29
230                <action android:name="androidx.profileinstaller.action.SAVE_PROFILE" />
230-->[androidx.profileinstaller:profileinstaller:1.3.1] AndroidManifest.xml:47:17-88
230-->[androidx.profileinstaller:profileinstaller:1.3.1] AndroidManifest.xml:47:25-85
231            </intent-filter>
232            <intent-filter>
232-->[androidx.profileinstaller:profileinstaller:1.3.1] AndroidManifest.xml:49:13-51:29
233                <action android:name="androidx.profileinstaller.action.BENCHMARK_OPERATION" />
233-->[androidx.profileinstaller:profileinstaller:1.3.1] AndroidManifest.xml:50:17-95
233-->[androidx.profileinstaller:profileinstaller:1.3.1] AndroidManifest.xml:50:25-92
234            </intent-filter>
235        </receiver>
236    </application>
237
238</manifest>